<?xml version="1.0" encoding="UTF-8"?>
<!-- Generated by org.testng.reporters.JUnitReportReporter -->
<testsuite hostname="ISD-PC0KPCFZ" failures="0" tests="1" name="demo.testNGParametersDemo" time="0.020" errors="0" timestamp="2020-08-11T14:08:31 SGT" skipped="0">
  <testcase classname="demo.testNGParametersDemo" name="demo" time="0.020"/>
  <system-out/>
</testsuite> <!-- demo.testNGParametersDemo -->
