<?xml version="1.0" encoding="UTF-8"?>
<!-- Generated by org.testng.reporters.JUnitReportReporter -->
<testsuite hostname="ISD-PC0KPCFZ" failures="0" tests="1" name="test.TestNG_Demo2" time="9.302" errors="0" timestamp="2020-08-07T09:30:16 SGT" skipped="0">
  <testcase classname="test.TestNG_Demo2" name="googleSearch2" time="9.302"/>
  <system-out/>
</testsuite> <!-- test.TestNG_Demo2 -->
