<?xml version="1.0" encoding="UTF-8"?>
<!-- Generated by org.testng.reporters.JUnitReportReporter -->
<testsuite hostname="ISD-PC0KPCFZ" failures="0" tests="1" name="demo.RecordDemo" time="11.083" errors="0" timestamp="2020-08-11T15:48:52 SGT" skipped="0">
  <testcase classname="demo.RecordDemo" name="test1" time="11.083"/>
  <system-out/>
</testsuite> <!-- demo.RecordDemo -->
