<?xml version="1.0" encoding="UTF-8"?>
<!-- Generated by org.testng.reporters.JUnitReportReporter -->
<testsuite hostname="ISD-PC0KPCFZ" failures="0" tests="3" name="demo.TestNGPriorityDemo" time="0.021" errors="0" timestamp="2020-08-11T11:36:54 SGT" skipped="0">
  <testcase classname="demo.TestNGPriorityDemo" name="one" time="0.014"/>
  <system-out/>
  <testcase classname="demo.TestNGPriorityDemo" name="two" time="0.004"/>
  <system-out/>
  <testcase classname="demo.TestNGPriorityDemo" name="three" time="0.003"/>
  <system-out/>
</testsuite> <!-- demo.TestNGPriorityDemo -->
