<?xml version="1.0" encoding="UTF-8"?>
<!-- Generated by org.testng.reporters.JUnitReportReporter -->
<testsuite hostname="ISD-PC0KPCFZ" failures="0" tests="3" name="listeners.TestNGListenerDemo2" time="0.017" errors="0" timestamp="2020-08-11T11:02:35 SGT" skipped="1">
  <testcase classname="listeners.TestNGListenerDemo2" name="test5" time="0.005"/>
  <system-out/>
  <testcase classname="listeners.TestNGListenerDemo2" name="test6" time="0.005">
    <skipped/>
  </testcase> <!-- test6 -->
  <system-out/>
  <testcase classname="listeners.TestNGListenerDemo2" name="test4" time="0.007"/>
  <system-out/>
</testsuite> <!-- listeners.TestNGListenerDemo2 -->
