<?xml version="1.0" encoding="UTF-8"?>
<!-- Generated by org.testng.reporters.JUnitReportReporter -->
<testsuite hostname="ISD-PC0KPCFZ" failures="0" tests="3" name="demo.TestNGDependenciesDemo" time="0.015" errors="0" timestamp="2020-08-11T14:24:57 SGT" skipped="0">
  <testcase classname="demo.TestNGDependenciesDemo" name="test1" time="0.003"/>
  <system-out/>
  <testcase classname="demo.TestNGDependenciesDemo" name="test3" time="0.002"/>
  <system-out/>
  <testcase classname="demo.TestNGDependenciesDemo" name="test2" time="0.010"/>
  <system-out/>
</testsuite> <!-- demo.TestNGDependenciesDemo -->
